<?xml version="1.0" encoding="UTF-8"?>
<!-- Generated by org.testng.reporters.JUnitReportReporter -->
<testsuite hostname="DESKTOP-2V2TNIK" failures="0" tests="1" name="com.orange.testcases.TestLoginPage" time="26.860" errors="0" timestamp="2021-08-31T14:09:36 IST" skipped="0">
  <testcase classname="com.orange.testcases.TestLoginPage" name="testLogin" time="26.860"/>
  <system-out/>
</testsuite> <!-- com.orange.testcases.TestLoginPage -->
